#
# A fatal error has been detected by the Java Runtime Environment:
#
#  SIGSEGV (0xb) at pc=0x0000000000000000, pid=68203, tid=5891
#
# JRE version: Java(TM) SE Runtime Environment (8.0_45-b14) (build 1.8.0_45-b14)
# Java VM: Java HotSpot(TM) 64-Bit Server VM (25.45-b02 mixed mode bsd-amd64 compressed oops)
# Problematic frame:
# C  0x0000000000000000
#
# Failed to write core dump. Core dumps have been disabled. To enable core dumping, try "ulimit -c unlimited" before starting Java again
#
# If you would like to submit a bug report, please visit:
#   http://bugreport.java.com/bugreport/crash.jsp
# The crash happened outside the Java Virtual Machine in native code.
# See problematic frame for where to report the bug.
#

---------------  T H R E A D  ---------------

Current thread (0x00007f89b3803000):  JavaThread "main" [_thread_in_native, id=5891, stack(0x000070000011a000,0x000070000021a000)]

siginfo: si_signo: 11 (SIGSEGV), si_code: 1 (SEGV_MAPERR), si_addr: 0x0000000000000000

Registers:
RAX=0x000000011c1d06e0, RBX=0x0000000116577fd0, RCX=0x0000000103dfa190, RDX=0x0000000000000001
RSP=0x00007000002196b8, RBP=0x00007000002196d0, RSI=0x00007000002196cc, RDI=0x0000000000000001
R8 =0x000000000000003f, R9 =0x00007f89b25c2940, R10=0x00000001045b3928, R11=0x0000000103ac58db
R12=0x0000000000000000, R13=0x0000000116577fd0, R14=0x0000700000219750, R15=0x00007f89b3803000
RIP=0x0000000000000000, EFLAGS=0x0000000000010206, ERR=0x0000000000000014
  TRAPNO=0x000000000000000e

Top of Stack: (sp=0x00007000002196b8)
0x00007000002196b8:   000000011c1d06f4 0000700000219730
0x00007000002196c8:   00000001045b37f2 0000700000219730
0x00007000002196d8:   00000001045b3954 00000001045bf823
0x00007000002196e8:   00000001045b36a2 00007000002196f0
0x00007000002196f8:   0000000116577fd0 0000700000219750
0x0000700000219708:   000000011657ace0 0000000000000000
0x0000700000219718:   0000000116577fd0 0000000000000000
0x0000700000219728:   0000700000219750 0000700000219798
0x0000700000219738:   00000001045a5690 00000007ab2469f0
0x0000700000219748:   00000001045ad576 0000000000000001
0x0000700000219758:   0000700000219758 0000000116577f29
0x0000700000219768:   00007000002197a8 000000011657ace0
0x0000700000219778:   0000000000000000 0000000116577f48
0x0000700000219788:   0000700000219750 00007000002197b0
0x0000700000219798:   00007000002197f8 00000001045a5690
0x00007000002197a8:   0000000000000000 00000007ab23be48
0x00007000002197b8:   00007000002197b8 00000001164d336d
0x00007000002197c8:   0000700000219808 00000001164d3ce0
0x00007000002197d8:   0000000000000000 00000001164d3388
0x00007000002197e8:   00007000002197b0 0000700000219808
0x00007000002197f8:   0000700000219898 00000001045a5c4d
0x0000700000219808:   00000007ab23be48 00000007ab23be48
0x0000700000219818:   000070003f800000 0000700000000000
0x0000700000219828:   0000000100000000 0000000700000000
0x0000700000219838:   00000007ab239988 00000007abd96b50
0x0000700000219848:   00000007ab239948 00000007ab239948
0x0000700000219858:   0000700000219858 00000001162b80b7
0x0000700000219868:   00007000002198a0 00000001162bae60
0x0000700000219878:   0000000000000000 00000001162b8178
0x0000700000219888:   0000700000219808 00007000002198a8
0x0000700000219898:   00007000002198e8 00000001045a5c4d
0x00007000002198a8:   00007000002198a8 00000001162b7943 

Instructions: (pc=0x0000000000000000)
0xffffffffffffffe0:   

Register to memory mapping:

RAX=0x000000011c1d06e0: Java_org_lwjgl_openal_AL10_nalGenSources2+0 in /Users/s223852/Documents/workspace/LWJGL3DGame/lwjgl-2.9.3/native/macosx/liblwjgl.dylib at 0x000000011c1cd000
RBX={method} {0x0000000116577fd0} 'nalGenSources2' '(I)I' in 'org/lwjgl/openal/AL10'
RCX=0x0000000103dfa190: UseMembar+0 in /Library/Java/JavaVirtualMachines/jdk1.8.0_45.jdk/Contents/Home/jre/lib/server/libjvm.dylib at 0x0000000103600000
RDX=0x0000000000000001 is an unknown value
RSP=0x00007000002196b8 is pointing into the stack for thread: 0x00007f89b3803000
RBP=0x00007000002196d0 is pointing into the stack for thread: 0x00007f89b3803000
RSI=0x00007000002196cc is pointing into the stack for thread: 0x00007f89b3803000
RDI=0x0000000000000001 is an unknown value
R8 =0x000000000000003f is an unknown value
R9 =0x00007f89b25c2940 is an unknown value
R10=0x00000001045b3928 is at code_begin+808 in an Interpreter codelet
method entry point (kind = native)  [0x00000001045b3600, 0x00000001045b3f00]  2304 bytes
R11=0x0000000103ac58db: throw_unsatisfied_link_error+0 in /Library/Java/JavaVirtualMachines/jdk1.8.0_45.jdk/Contents/Home/jre/lib/server/libjvm.dylib at 0x0000000103600000
R12=0x0000000000000000 is an unknown value
R13={method} {0x0000000116577fd0} 'nalGenSources2' '(I)I' in 'org/lwjgl/openal/AL10'
R14=0x0000700000219750 is pointing into the stack for thread: 0x00007f89b3803000
R15=0x00007f89b3803000 is a thread


Stack: [0x000070000011a000,0x000070000021a000],  sp=0x00007000002196b8,  free space=1021k
Java frames: (J=compiled Java code, j=interpreted, Vv=VM code)
j  org.lwjgl.openal.AL10.nalGenSources2(I)I+0
j  org.lwjgl.openal.AL10.alGenSources()I+1
j  audio.Source.<init>()V+5
j  engineTester.MainGameLoop.setupEntities()V+31
j  engineTester.MainGameLoop.init()V+3
j  engineTester.MainGameLoop.main([Ljava/lang/String;)V+3
v  ~StubRoutines::call_stub

---------------  P R O C E S S  ---------------

Java Threads: ( => current thread )
  0x00007f89b2ae8000 JavaThread "Java2D Disposer" daemon [_thread_blocked, id=29999, stack(0x00007000011d3000,0x00007000012d3000)]
  0x00007f89b3062800 JavaThread "AppKit Thread" daemon [_thread_in_native, id=2571, stack(0x00007fff5c8b6000,0x00007fff5d0b6000)]
  0x00007f89b3022000 JavaThread "Service Thread" daemon [_thread_blocked, id=18435, stack(0x0000700000dc1000,0x0000700000ec1000)]
  0x00007f89b3819800 JavaThread "C1 CompilerThread2" daemon [_thread_blocked, id=17923, stack(0x0000700000cbe000,0x0000700000dbe000)]
  0x00007f89b3021000 JavaThread "C2 CompilerThread1" daemon [_thread_blocked, id=17411, stack(0x0000700000bbb000,0x0000700000cbb000)]
  0x00007f89b284c000 JavaThread "C2 CompilerThread0" daemon [_thread_in_native, id=16899, stack(0x0000700000ab8000,0x0000700000bb8000)]
  0x00007f89b285b000 JavaThread "Signal Dispatcher" daemon [_thread_blocked, id=12815, stack(0x00007000009b5000,0x0000700000ab5000)]
  0x00007f89b3018800 JavaThread "Finalizer" daemon [_thread_blocked, id=12291, stack(0x000070000082f000,0x000070000092f000)]
  0x00007f89b3018000 JavaThread "Reference Handler" daemon [_thread_blocked, id=11779, stack(0x000070000072c000,0x000070000082c000)]
=>0x00007f89b3803000 JavaThread "main" [_thread_in_native, id=5891, stack(0x000070000011a000,0x000070000021a000)]

Other Threads:
  0x00007f89b3015800 VMThread [stack: 0x0000700000629000,0x0000700000729000] [id=11267]
  0x00007f89b303d800 WatcherThread [stack: 0x0000700000ec4000,0x0000700000fc4000] [id=18947]

VM state:not at safepoint (normal execution)

VM Mutex/Monitor currently owned by a thread: None

Heap:
 PSYoungGen      total 18944K, used 8983K [0x00000007aab00000, 0x00000007ac000000, 0x00000007c0000000)
  eden space 16384K, 46% used [0x00000007aab00000,0x00000007ab279d98,0x00000007abb00000)
  from space 2560K, 51% used [0x00000007abd80000,0x00000007abecc010,0x00000007ac000000)
  to   space 2560K, 0% used [0x00000007abb00000,0x00000007abb00000,0x00000007abd80000)
 ParOldGen       total 44032K, used 16K [0x0000000780000000, 0x0000000782b00000, 0x00000007aab00000)
  object space 44032K, 0% used [0x0000000780000000,0x0000000780004000,0x0000000782b00000)
 Metaspace       used 7648K, capacity 7799K, committed 8064K, reserved 1056768K
  class space    used 761K, capacity 824K, committed 896K, reserved 1048576K

Card table byte_map: [0x000000011395e000,0x0000000113b5f000] byte_map_base: 0x000000010fd5e000

Marking Bits: (ParMarkBitMap*) 0x0000000103ec27a0
 Begin Bits: [0x0000000113cb5000, 0x0000000114cb5000)
 End Bits:   [0x0000000114cb5000, 0x0000000115cb5000)

Polling page: 0x0000000102dd8000

CodeCache: size=245760Kb used=2834Kb max_used=2847Kb free=242925Kb
 bounds [0x000000010459e000, 0x000000010486e000, 0x000000011359e000]
 total_blobs=1164 nmethods=726 adapters=352
 compilation: enabled

Compilation events (10 events):
Event: 5.049 Thread 0x00007f89b3021000 nmethod 721 0x0000000104860950 code [0x0000000104860b60, 0x0000000104861018]
Event: 5.058 Thread 0x00007f89b3819800  723       3       terrains.Terrain::getHeight (59 bytes)
Event: 5.058 Thread 0x00007f89b3819800 nmethod 723 0x000000010485da10 code [0x000000010485dbe0, 0x000000010485e238]
Event: 5.058 Thread 0x00007f89b3021000  725       4       java.awt.image.BufferedImage::getHeight (8 bytes)
Event: 5.059 Thread 0x00007f89b3021000 nmethod 725 0x000000010485d7d0 code [0x000000010485d920, 0x000000010485d998]
Event: 5.059 Thread 0x00007f89b3021000  724       4       java.awt.image.BufferedImage::getRGB (18 bytes)
Event: 5.064 Thread 0x00007f89b3819800  726       1       java.util.zip.ZipCoder::isUTF8 (5 bytes)
Event: 5.065 Thread 0x00007f89b3819800 nmethod 726 0x000000010485ac90 code [0x000000010485ade0, 0x000000010485aef0]
Event: 5.065 Thread 0x00007f89b3819800  727       3       java.util.WeakHashMap::remove (133 bytes)
Event: 5.066 Thread 0x00007f89b3819800 nmethod 727 0x0000000104863110 code [0x0000000104863300, 0x0000000104863dc8]

GC Heap History (4 events):
Event: 4.465 GC heap before
{Heap before GC invocations=1 (full 0):
 PSYoungGen      total 18944K, used 16384K [0x00000007aab00000, 0x00000007ac000000, 0x00000007c0000000)
  eden space 16384K, 100% used [0x00000007aab00000,0x00000007abb00000,0x00000007abb00000)
  from space 2560K, 0% used [0x00000007abd80000,0x00000007abd80000,0x00000007ac000000)
  to   space 2560K, 0% used [0x00000007abb00000,0x00000007abb00000,0x00000007abd80000)
 ParOldGen       total 44032K, used 0K [0x0000000780000000, 0x0000000782b00000, 0x00000007aab00000)
  object space 44032K, 0% used [0x0000000780000000,0x0000000780000000,0x0000000782b00000)
 Metaspace       used 6845K, capacity 6995K, committed 7168K, reserved 1056768K
  class space    used 675K, capacity 726K, committed 768K, reserved 1048576K
Event: 4.489 GC heap after
Heap after GC invocations=1 (full 0):
 PSYoungGen      total 18944K, used 2200K [0x00000007aab00000, 0x00000007ac000000, 0x00000007c0000000)
  eden space 16384K, 0% used [0x00000007aab00000,0x00000007aab00000,0x00000007abb00000)
  from space 2560K, 85% used [0x00000007abb00000,0x00000007abd26048,0x00000007abd80000)
  to   space 2560K, 0% used [0x00000007abd80000,0x00000007abd80000,0x00000007ac000000)
 ParOldGen       total 44032K, used 8K [0x0000000780000000, 0x0000000782b00000, 0x00000007aab00000)
  object space 44032K, 0% used [0x0000000780000000,0x0000000780002000,0x0000000782b00000)
 Metaspace       used 6845K, capacity 6995K, committed 7168K, reserved 1056768K
  class space    used 675K, capacity 726K, committed 768K, reserved 1048576K
}
Event: 4.777 GC heap before
{Heap before GC invocations=2 (full 0):
 PSYoungGen      total 18944K, used 17838K [0x00000007aab00000, 0x00000007ac000000, 0x00000007c0000000)
  eden space 16384K, 95% used [0x00000007aab00000,0x00000007aba45b60,0x00000007abb00000)
  from space 2560K, 85% used [0x00000007abb00000,0x00000007abd26048,0x00000007abd80000)
  to   space 2560K, 0% used [0x00000007abd80000,0x00000007abd80000,0x00000007ac000000)
 ParOldGen       total 44032K, used 8K [0x0000000780000000, 0x0000000782b00000, 0x00000007aab00000)
  object space 44032K, 0% used [0x0000000780000000,0x0000000780002000,0x0000000782b00000)
 Metaspace       used 6903K, capacity 7091K, committed 7168K, reserved 1056768K
  class space    used 682K, capacity 758K, committed 768K, reserved 1048576K
Event: 4.780 GC heap after
Heap after GC invocations=2 (full 0):
 PSYoungGen      total 18944K, used 1328K [0x00000007aab00000, 0x00000007ac000000, 0x00000007c0000000)
  eden space 16384K, 0% used [0x00000007aab00000,0x00000007aab00000,0x00000007abb00000)
  from space 2560K, 51% used [0x00000007abd80000,0x00000007abecc010,0x00000007ac000000)
  to   space 2560K, 0% used [0x00000007abb00000,0x00000007abb00000,0x00000007abd80000)
 ParOldGen       total 44032K, used 16K [0x0000000780000000, 0x0000000782b00000, 0x00000007aab00000)
  object space 44032K, 0% used [0x0000000780000000,0x0000000780004000,0x0000000782b00000)
 Metaspace       used 6903K, capacity 7091K, committed 7168K, reserved 1056768K
  class space    used 682K, capacity 758K, committed 768K, reserved 1048576K
}

Deoptimization events (4 events):
Event: 3.684 Thread 0x00007f89b3803000 Uncommon trap: reason=unstable_if action=reinterpret pc=0x000000010473479c method=java.lang.String.replace(CC)Ljava/lang/String; @ 26
Event: 4.453 Thread 0x00007f89b3803000 Uncommon trap: reason=predicate action=maybe_recompile pc=0x0000000104808e48 method=java.util.AbstractCollection.toArray([Ljava/lang/Object;)[Ljava/lang/Object; @ 49
Event: 4.617 Thread 0x00007f89b3803000 Uncommon trap: reason=unstable_if action=reinterpret pc=0x0000000104824940 method=sun.misc.FloatingDecimal$ASCIIToBinaryBuffer.floatValue()F @ 1071
Event: 5.057 Thread 0x00007f89b3803000 Uncommon trap: reason=unstable_if action=reinterpret pc=0x000000010485f9a8 method=terrains.Terrain.getHeight(IILjava/awt/image/BufferedImage;)F @ 21

Internal exceptions (10 events):
Event: 0.051 Thread 0x00007f89b3803000 Exception <a 'java/lang/NoSuchMethodError': Method sun.misc.Unsafe.defineClass(Ljava/lang/String;[BII)Ljava/lang/Class; name or signature does not match> (0x00000007aab12af8) thrown at [/Users/java_re/workspace/8-2-build-macosx-x86_64/jdk8u45/3457/hotspot
Event: 0.051 Thread 0x00007f89b3803000 Exception <a 'java/lang/NoSuchMethodError': Method sun.misc.Unsafe.prefetchRead(Ljava/lang/Object;J)V name or signature does not match> (0x00000007aab12d88) thrown at [/Users/java_re/workspace/8-2-build-macosx-x86_64/jdk8u45/3457/hotspot/src/share/vm/prim
Event: 0.168 Thread 0x00007f89b3803000 Exception <a 'java/security/PrivilegedActionException'> (0x00000007aacfa460) thrown at [/Users/java_re/workspace/8-2-build-macosx-x86_64/jdk8u45/3457/hotspot/src/share/vm/prims/jvm.cpp, line 1382]
Event: 0.168 Thread 0x00007f89b3803000 Exception <a 'java/security/PrivilegedActionException'> (0x00000007aacfa618) thrown at [/Users/java_re/workspace/8-2-build-macosx-x86_64/jdk8u45/3457/hotspot/src/share/vm/prims/jvm.cpp, line 1382]
Event: 0.169 Thread 0x00007f89b3803000 Exception <a 'java/security/PrivilegedActionException'> (0x00000007aacfd998) thrown at [/Users/java_re/workspace/8-2-build-macosx-x86_64/jdk8u45/3457/hotspot/src/share/vm/prims/jvm.cpp, line 1382]
Event: 0.169 Thread 0x00007f89b3803000 Exception <a 'java/security/PrivilegedActionException'> (0x00000007aacfdb50) thrown at [/Users/java_re/workspace/8-2-build-macosx-x86_64/jdk8u45/3457/hotspot/src/share/vm/prims/jvm.cpp, line 1382]
Event: 3.439 Thread 0x00007f89b3803000 Exception <a 'java/io/FileNotFoundException'> (0x00000007aad01970) thrown at [/Users/java_re/workspace/8-2-build-macosx-x86_64/jdk8u45/3457/hotspot/src/share/vm/prims/jni.cpp, line 709]
Event: 3.439 Thread 0x00007f89b3803000 Exception <a 'java/io/FileNotFoundException'> (0x00000007aad02498) thrown at [/Users/java_re/workspace/8-2-build-macosx-x86_64/jdk8u45/3457/hotspot/src/share/vm/prims/jni.cpp, line 709]
Event: 3.503 Thread 0x00007f89b3062800 Exception <a 'java/lang/NoSuchFieldError': method resolution failed> (0x00000007aae651f8) thrown at [/Users/java_re/workspace/8-2-build-macosx-x86_64/jdk8u45/3457/hotspot/src/share/vm/prims/methodHandles.cpp, line 1125]
Event: 3.505 Thread 0x00007f89b3062800 Exception <a 'java/lang/NoSuchFieldError': method resolution failed> (0x00000007aae73898) thrown at [/Users/java_re/workspace/8-2-build-macosx-x86_64/jdk8u45/3457/hotspot/src/share/vm/prims/methodHandles.cpp, line 1125]

Events (10 events):
Event: 5.006 loading class com/sun/imageio/plugins/common/ReaderUtil done
Event: 5.018 loading class java/io/RandomAccessFile$1
Event: 5.018 loading class java/io/RandomAccessFile$1 done
Event: 5.057 Thread 0x00007f89b3803000 Uncommon trap: trap_request=0xffffff65 fr.pc=0x000000010485f9a8
Event: 5.057 Thread 0x00007f89b3803000 DEOPT PACKING pc=0x000000010485f9a8 sp=0x0000700000219590
Event: 5.057 Thread 0x00007f89b3803000 DEOPT UNPACKING pc=0x00000001045a3229 sp=0x0000700000219548 mode 2
Event: 5.063 loading class audio/Source
Event: 5.063 loading class audio/Source done
Event: 5.064 loading class org/lwjgl/openal/AL10
Event: 5.064 loading class org/lwjgl/openal/AL10 done


Dynamic libraries:
0x0000000006fec000 	/System/Library/Frameworks/Cocoa.framework/Versions/A/Cocoa
0x0000000006fec000 	/System/Library/Frameworks/Security.framework/Versions/A/Security
0x0000000006fec000 	/System/Library/Frameworks/ApplicationServices.framework/Versions/A/ApplicationServices
0x0000000006fec000 	/usr/lib/libz.1.dylib
0x0000000006fec000 	/usr/lib/libSystem.B.dylib
0x0000000006fec000 	/usr/lib/libobjc.A.dylib
0x0000000006fec000 	/System/Library/Frameworks/CoreFoundation.framework/Versions/A/CoreFoundation
0x0000000006fec000 	/System/Library/Frameworks/Foundation.framework/Versions/C/Foundation
0x0000000006fec000 	/System/Library/Frameworks/AppKit.framework/Versions/C/AppKit
0x0000000006fec000 	/System/Library/Frameworks/CoreData.framework/Versions/A/CoreData
0x0000000006fec000 	/System/Library/PrivateFrameworks/RemoteViewServices.framework/Versions/A/RemoteViewServices
0x0000000006fec000 	/System/Library/PrivateFrameworks/UIFoundation.framework/Versions/A/UIFoundation
0x0000000006fec000 	/usr/lib/libScreenReader.dylib
0x0000000006fec000 	/System/Library/Frameworks/Accelerate.framework/Versions/A/Accelerate
0x0000000006fec000 	/System/Library/Frameworks/IOSurface.framework/Versions/A/IOSurface
0x0000000006fec000 	/System/Library/Frameworks/AudioToolbox.framework/Versions/A/AudioToolbox
0x0000000006fec000 	/System/Library/Frameworks/AudioUnit.framework/Versions/A/AudioUnit
0x0000000006fec000 	/System/Library/PrivateFrameworks/DataDetectorsCore.framework/Versions/A/DataDetectorsCore
0x0000000006fec000 	/System/Library/PrivateFrameworks/DesktopServicesPriv.framework/Versions/A/DesktopServicesPriv
0x0000000006fec000 	/System/Library/Frameworks/Carbon.framework/Versions/A/Frameworks/HIToolbox.framework/Versions/A/HIToolbox
0x0000000006fec000 	/System/Library/Frameworks/QuartzCore.framework/Versions/A/QuartzCore
0x0000000006fec000 	/System/Library/Frameworks/Carbon.framework/Versions/A/Frameworks/SpeechRecognition.framework/Versions/A/SpeechRecognition
0x0000000006fec000 	/usr/lib/libauto.dylib
0x0000000006fec000 	/usr/lib/libicucore.A.dylib
0x0000000006fec000 	/usr/lib/libxml2.2.dylib
0x0000000006fec000 	/System/Library/PrivateFrameworks/CoreUI.framework/Versions/A/CoreUI
0x0000000006fec000 	/System/Library/Frameworks/CoreAudio.framework/Versions/A/CoreAudio
0x0000000006fec000 	/System/Library/Frameworks/DiskArbitration.framework/Versions/A/DiskArbitration
0x0000000006fec000 	/usr/lib/liblangid.dylib
0x0000000006fec000 	/System/Library/PrivateFrameworks/MultitouchSupport.framework/Versions/A/MultitouchSupport
0x0000000006fec000 	/System/Library/Frameworks/IOKit.framework/Versions/A/IOKit
0x0000000006fec000 	/usr/lib/libDiagnosticMessagesClient.dylib
0x0000000006fec000 	/System/Library/Frameworks/CoreServices.framework/Versions/A/CoreServices
0x0000000006fec000 	/System/Library/PrivateFrameworks/PerformanceAnalysis.framework/Versions/A/PerformanceAnalysis
0x0000000006fec000 	/System/Library/PrivateFrameworks/GenerationalStorage.framework/Versions/A/GenerationalStorage
0x0000000006fec000 	/System/Library/Frameworks/OpenGL.framework/Versions/A/OpenGL
0x0000000006fec000 	/System/Library/PrivateFrameworks/Sharing.framework/Versions/A/Sharing
0x0000000006fec000 	/System/Library/Frameworks/CoreGraphics.framework/Versions/A/CoreGraphics
0x0000000006fec000 	/System/Library/Frameworks/CoreImage.framework/Versions/A/CoreImage
0x0000000006fec000 	/System/Library/Frameworks/CoreText.framework/Versions/A/CoreText
0x0000000006fec000 	/System/Library/Frameworks/ImageIO.framework/Versions/A/ImageIO
0x0000000006fec000 	/System/Library/PrivateFrameworks/Backup.framework/Versions/A/Backup
0x0000000006fec000 	/usr/lib/libextension.dylib
0x0000000006fec000 	/usr/lib/libarchive.2.dylib
0x0000000006fec000 	/System/Library/Frameworks/CFNetwork.framework/Versions/A/CFNetwork
0x0000000006fec000 	/System/Library/Frameworks/SystemConfiguration.framework/Versions/A/SystemConfiguration
0x0000000006fec000 	/usr/lib/libCRFSuite.dylib
0x0000000006fec000 	/usr/lib/libc++.1.dylib
0x0000000006fec000 	/usr/lib/libc++abi.dylib
0x0000000006fec000 	/usr/lib/system/libcache.dylib
0x0000000006fec000 	/usr/lib/system/libcommonCrypto.dylib
0x0000000006fec000 	/usr/lib/system/libcompiler_rt.dylib
0x0000000006fec000 	/usr/lib/system/libcopyfile.dylib
0x0000000006fec000 	/usr/lib/system/libcorecrypto.dylib
0x0000000006fec000 	/usr/lib/system/libdispatch.dylib
0x0000000006fec000 	/usr/lib/system/libdyld.dylib
0x0000000006fec000 	/usr/lib/system/libkeymgr.dylib
0x0000000006fec000 	/usr/lib/system/liblaunch.dylib
0x0000000006fec000 	/usr/lib/system/libmacho.dylib
0x0000000006fec000 	/usr/lib/system/libquarantine.dylib
0x0000000006fec000 	/usr/lib/system/libremovefile.dylib
0x0000000006fec000 	/usr/lib/system/libsystem_asl.dylib
0x0000000006fec000 	/usr/lib/system/libsystem_blocks.dylib
0x0000000006fec000 	/usr/lib/system/libsystem_c.dylib
0x0000000006fec000 	/usr/lib/system/libsystem_configuration.dylib
0x0000000006fec000 	/usr/lib/system/libsystem_coreservices.dylib
0x0000000006fec000 	/usr/lib/system/libsystem_coretls.dylib
0x0000000006fec000 	/usr/lib/system/libsystem_dnssd.dylib
0x0000000006fec000 	/usr/lib/system/libsystem_info.dylib
0x0000000006fec000 	/usr/lib/system/libsystem_kernel.dylib
0x0000000006fec000 	/usr/lib/system/libsystem_m.dylib
0x0000000006fec000 	/usr/lib/system/libsystem_malloc.dylib
0x0000000006fec000 	/usr/lib/system/libsystem_network.dylib
0x0000000006fec000 	/usr/lib/system/libsystem_networkextension.dylib
0x0000000006fec000 	/usr/lib/system/libsystem_notify.dylib
0x0000000006fec000 	/usr/lib/system/libsystem_platform.dylib
0x0000000006fec000 	/usr/lib/system/libsystem_pthread.dylib
0x0000000006fec000 	/usr/lib/system/libsystem_sandbox.dylib
0x0000000006fec000 	/usr/lib/system/libsystem_secinit.dylib
0x0000000006fec000 	/usr/lib/system/libsystem_trace.dylib
0x0000000006fec000 	/usr/lib/system/libunc.dylib
0x0000000006fec000 	/usr/lib/system/libunwind.dylib
0x0000000006fec000 	/usr/lib/system/libxpc.dylib
0x0000000006fec000 	/usr/lib/libenergytrace.dylib
0x0000000006fec000 	/usr/lib/libbsm.0.dylib
0x0000000006fec000 	/usr/lib/system/libkxld.dylib
0x0000000006fec000 	/usr/lib/libxar.1.dylib
0x0000000006fec000 	/usr/lib/libsqlite3.dylib
0x0000000006fec000 	/usr/lib/libpam.2.dylib
0x0000000006fec000 	/usr/lib/libOpenScriptingUtil.dylib
0x0000000006fec000 	/usr/lib/libbz2.1.0.dylib
0x0000000006fec000 	/usr/lib/liblzma.5.dylib
0x0000000006fec000 	/System/Library/Frameworks/CoreServices.framework/Versions/A/Frameworks/FSEvents.framework/Versions/A/FSEvents
0x0000000006fec000 	/System/Library/Frameworks/CoreServices.framework/Versions/A/Frameworks/CarbonCore.framework/Versions/A/CarbonCore
0x0000000006fec000 	/System/Library/Frameworks/CoreServices.framework/Versions/A/Frameworks/Metadata.framework/Versions/A/Metadata
0x0000000006fec000 	/System/Library/Frameworks/CoreServices.framework/Versions/A/Frameworks/OSServices.framework/Versions/A/OSServices
0x0000000006fec000 	/System/Library/Frameworks/CoreServices.framework/Versions/A/Frameworks/SearchKit.framework/Versions/A/SearchKit
0x0000000006fec000 	/System/Library/Frameworks/CoreServices.framework/Versions/A/Frameworks/AE.framework/Versions/A/AE
0x0000000006fec000 	/System/Library/Frameworks/CoreServices.framework/Versions/A/Frameworks/LaunchServices.framework/Versions/A/LaunchServices
0x0000000006fec000 	/System/Library/Frameworks/CoreServices.framework/Versions/A/Frameworks/DictionaryServices.framework/Versions/A/DictionaryServices
0x0000000006fec000 	/System/Library/Frameworks/CoreServices.framework/Versions/A/Frameworks/SharedFileList.framework/Versions/A/SharedFileList
0x0000000006fec000 	/System/Library/Frameworks/NetFS.framework/Versions/A/NetFS
0x0000000006fec000 	/System/Library/PrivateFrameworks/NetAuth.framework/Versions/A/NetAuth
0x0000000006fec000 	/System/Library/PrivateFrameworks/login.framework/Versions/A/Frameworks/loginsupport.framework/Versions/A/loginsupport
0x0000000006fec000 	/System/Library/PrivateFrameworks/TCC.framework/Versions/A/TCC
0x0000000006fec000 	/usr/lib/libmecabra.dylib
0x0000000006fec000 	/System/Library/Frameworks/ApplicationServices.framework/Versions/A/Frameworks/ATS.framework/Versions/A/ATS
0x0000000006fec000 	/System/Library/Frameworks/ApplicationServices.framework/Versions/A/Frameworks/ColorSync.framework/Versions/A/ColorSync
0x0000000006fec000 	/System/Library/Frameworks/ApplicationServices.framework/Versions/A/Frameworks/HIServices.framework/Versions/A/HIServices
0x0000000006fec000 	/System/Library/Frameworks/ApplicationServices.framework/Versions/A/Frameworks/LangAnalysis.framework/Versions/A/LangAnalysis
0x0000000006fec000 	/System/Library/Frameworks/ApplicationServices.framework/Versions/A/Frameworks/PrintCore.framework/Versions/A/PrintCore
0x0000000006fec000 	/System/Library/Frameworks/ApplicationServices.framework/Versions/A/Frameworks/QD.framework/Versions/A/QD
0x0000000006fec000 	/System/Library/Frameworks/ApplicationServices.framework/Versions/A/Frameworks/SpeechSynthesis.framework/Versions/A/SpeechSynthesis
0x0000000006fec000 	/System/Library/Frameworks/Metal.framework/Versions/A/Metal
0x0000000006fec000 	/System/Library/Frameworks/Accelerate.framework/Versions/A/Frameworks/vImage.framework/Versions/A/vImage
0x0000000006fec000 	/System/Library/Frameworks/Accelerate.framework/Versions/A/Frameworks/vecLib.framework/Versions/A/vecLib
0x0000000006fec000 	/System/Library/Frameworks/Accelerate.framework/Versions/A/Frameworks/vecLib.framework/Versions/A/libvDSP.dylib
0x0000000006fec000 	/System/Library/Frameworks/Accelerate.framework/Versions/A/Frameworks/vecLib.framework/Versions/A/libvMisc.dylib
0x0000000006fec000 	/System/Library/Frameworks/Accelerate.framework/Versions/A/Frameworks/vecLib.framework/Versions/A/libLAPACK.dylib
0x0000000006fec000 	/System/Library/Frameworks/Accelerate.framework/Versions/A/Frameworks/vecLib.framework/Versions/A/libBLAS.dylib
0x0000000006fec000 	/System/Library/Frameworks/Accelerate.framework/Versions/A/Frameworks/vecLib.framework/Versions/A/libLinearAlgebra.dylib
0x0000000006fec000 	/System/Library/Frameworks/Accelerate.framework/Versions/A/Frameworks/vecLib.framework/Versions/A/libSparseBLAS.dylib
0x0000000006fec000 	/System/Library/PrivateFrameworks/GPUCompiler.framework/libmetal_timestamp.dylib
0x0000000006fec000 	/System/Library/Frameworks/OpenGL.framework/Versions/A/Libraries/libCoreFSCache.dylib
0x0000000006fec000 	/System/Library/PrivateFrameworks/IOAccelerator.framework/Versions/A/IOAccelerator
0x0000000006fec000 	/System/Library/Frameworks/ApplicationServices.framework/Versions/A/Frameworks/ATS.framework/Versions/A/Resources/libFontParser.dylib
0x0000000006fec000 	/System/Library/Frameworks/ApplicationServices.framework/Versions/A/Frameworks/ATS.framework/Versions/A/Resources/libFontRegistry.dylib
0x0000000006fec000 	/System/Library/PrivateFrameworks/AppleVPA.framework/Versions/A/AppleVPA
0x0000000006fec000 	/System/Library/PrivateFrameworks/AppleJPEG.framework/Versions/A/AppleJPEG
0x0000000006fec000 	/System/Library/Frameworks/ImageIO.framework/Versions/A/Resources/libJPEG.dylib
0x0000000006fec000 	/System/Library/Frameworks/ImageIO.framework/Versions/A/Resources/libTIFF.dylib
0x0000000006fec000 	/System/Library/Frameworks/ImageIO.framework/Versions/A/Resources/libPng.dylib
0x0000000006fec000 	/System/Library/Frameworks/ImageIO.framework/Versions/A/Resources/libGIF.dylib
0x0000000006fec000 	/System/Library/Frameworks/ImageIO.framework/Versions/A/Resources/libJP2.dylib
0x0000000006fec000 	/System/Library/Frameworks/ImageIO.framework/Versions/A/Resources/libRadiance.dylib
0x0000000006fec000 	/System/Library/Frameworks/CoreVideo.framework/Versions/A/CoreVideo
0x0000000006fec000 	/System/Library/Frameworks/OpenGL.framework/Versions/A/Libraries/libGLU.dylib
0x0000000006fec000 	/System/Library/Frameworks/OpenGL.framework/Versions/A/Libraries/libGFXShared.dylib
0x0000000006fec000 	/System/Library/Frameworks/OpenGL.framework/Versions/A/Libraries/libGL.dylib
0x0000000006fec000 	/System/Library/Frameworks/OpenGL.framework/Versions/A/Libraries/libGLImage.dylib
0x0000000006fec000 	/System/Library/Frameworks/OpenGL.framework/Versions/A/Libraries/libCVMSPluginSupport.dylib
0x0000000006fec000 	/System/Library/Frameworks/OpenGL.framework/Versions/A/Libraries/libCoreVMClient.dylib
0x0000000006fec000 	/usr/lib/libcups.2.dylib
0x0000000006fec000 	/System/Library/Frameworks/Kerberos.framework/Versions/A/Kerberos
0x0000000006fec000 	/System/Library/Frameworks/GSS.framework/Versions/A/GSS
0x0000000006fec000 	/usr/lib/libresolv.9.dylib
0x0000000006fec000 	/usr/lib/libiconv.2.dylib
0x0000000006fec000 	/System/Library/PrivateFrameworks/Heimdal.framework/Versions/A/Heimdal
0x0000000006fec000 	/usr/lib/libheimdal-asn1.dylib
0x0000000006fec000 	/System/Library/Frameworks/OpenDirectory.framework/Versions/A/OpenDirectory
0x0000000006fec000 	/System/Library/PrivateFrameworks/CommonAuth.framework/Versions/A/CommonAuth
0x0000000006fec000 	/System/Library/Frameworks/OpenDirectory.framework/Versions/A/Frameworks/CFOpenDirectory.framework/Versions/A/CFOpenDirectory
0x0000000006fec000 	/System/Library/Frameworks/SecurityFoundation.framework/Versions/A/SecurityFoundation
0x0000000006fec000 	/System/Library/PrivateFrameworks/LanguageModeling.framework/Versions/A/LanguageModeling
0x0000000006fec000 	/usr/lib/libmarisa.dylib
0x0000000006fec000 	/usr/lib/libChineseTokenizer.dylib
0x0000000006fec000 	/usr/lib/libcmph.dylib
0x0000000006fec000 	/usr/lib/libcompression.dylib
0x0000000006fec000 	/System/Library/Frameworks/ServiceManagement.framework/Versions/A/ServiceManagement
0x0000000006fec000 	/usr/lib/libxslt.1.dylib
0x0000000006fec000 	/System/Library/Frameworks/Carbon.framework/Versions/A/Frameworks/Ink.framework/Versions/A/Ink
0x0000000006fec000 	/usr/lib/libFosl_dynamic.dylib
0x0000000006fec000 	/System/Library/PrivateFrameworks/FaceCore.framework/Versions/A/FaceCore
0x0000000006fec000 	/System/Library/Frameworks/OpenCL.framework/Versions/A/OpenCL
0x0000000006fec000 	/System/Library/PrivateFrameworks/CrashReporterSupport.framework/Versions/A/CrashReporterSupport
0x0000000006fec000 	/System/Library/PrivateFrameworks/IconServices.framework/Versions/A/IconServices
0x0000000006fec000 	/System/Library/PrivateFrameworks/Apple80211.framework/Versions/A/Apple80211
0x0000000006fec000 	/System/Library/Frameworks/CoreWLAN.framework/Versions/A/CoreWLAN
0x0000000006fec000 	/System/Library/Frameworks/IOBluetooth.framework/Versions/A/IOBluetooth
0x0000000006fec000 	/System/Library/PrivateFrameworks/CoreWiFi.framework/Versions/A/CoreWiFi
0x0000000006fec000 	/System/Library/Frameworks/CoreBluetooth.framework/Versions/A/CoreBluetooth
0x0000000006fec000 	/System/Library/PrivateFrameworks/ChunkingLibrary.framework/Versions/A/ChunkingLibrary
0x0000000006fec000 	/System/Library/PrivateFrameworks/DebugSymbols.framework/Versions/A/DebugSymbols
0x0000000006fec000 	/System/Library/PrivateFrameworks/CoreSymbolication.framework/Versions/A/CoreSymbolication
0x0000000006fec000 	/System/Library/PrivateFrameworks/Symbolication.framework/Versions/A/Symbolication
0x0000000006fec000 	/System/Library/PrivateFrameworks/SpeechRecognitionCore.framework/Versions/A/SpeechRecognitionCore
0x0000000103600000 	/Library/Java/JavaVirtualMachines/jdk1.8.0_45.jdk/Contents/Home/jre/lib/server/libjvm.dylib
0x0000000006fec000 	/usr/lib/libstdc++.6.dylib
0x0000000102dca000 	/Library/Java/JavaVirtualMachines/jdk1.8.0_45.jdk/Contents/Home/jre/lib/libverify.dylib
0x0000000104569000 	/Library/Java/JavaVirtualMachines/jdk1.8.0_45.jdk/Contents/Home/jre/lib/libjava.dylib
0x0000000102de2000 	/Library/Java/JavaVirtualMachines/jdk1.8.0_45.jdk/Contents/Home/jre/lib/libzip.dylib
0x0000000117983000 	/System/Library/Frameworks/JavaVM.framework/Frameworks/JavaRuntimeSupport.framework/JavaRuntimeSupport
0x000000011799e000 	/System/Library/Frameworks/JavaVM.framework/Versions/A/Frameworks/JavaNativeFoundation.framework/Versions/A/JavaNativeFoundation
0x00000001179b3000 	/System/Library/Frameworks/JavaVM.framework/Versions/A/JavaVM
0x0000000006fec000 	/System/Library/Frameworks/Carbon.framework/Versions/A/Carbon
0x00000001179c0000 	/System/Library/PrivateFrameworks/JavaLaunching.framework/Versions/A/JavaLaunching
0x0000000006fec000 	/System/Library/Frameworks/Carbon.framework/Versions/A/Frameworks/CommonPanels.framework/Versions/A/CommonPanels
0x0000000006fec000 	/System/Library/Frameworks/Carbon.framework/Versions/A/Frameworks/Help.framework/Versions/A/Help
0x0000000006fec000 	/System/Library/Frameworks/Carbon.framework/Versions/A/Frameworks/ImageCapture.framework/Versions/A/ImageCapture
0x0000000006fec000 	/System/Library/Frameworks/Carbon.framework/Versions/A/Frameworks/OpenScripting.framework/Versions/A/OpenScripting
0x0000000006fec000 	/System/Library/Frameworks/Carbon.framework/Versions/A/Frameworks/Print.framework/Versions/A/Print
0x0000000006fec000 	/System/Library/Frameworks/Carbon.framework/Versions/A/Frameworks/SecurityHI.framework/Versions/A/SecurityHI
0x00000001192f5000 	/Library/Java/JavaVirtualMachines/jdk1.8.0_45.jdk/Contents/Home/jre/lib/libawt.dylib
0x000000011939d000 	/Library/Java/JavaVirtualMachines/jdk1.8.0_45.jdk/Contents/Home/jre/lib/./libmlib_image.dylib
0x0000000119469000 	/Library/Java/JavaVirtualMachines/jdk1.8.0_45.jdk/Contents/Home/jre/lib/libawt_lwawt.dylib
0x000000011951d000 	/Library/Java/JavaVirtualMachines/jdk1.8.0_45.jdk/Contents/Home/jre/lib/./libosxapp.dylib
0x0000000006fec000 	/System/Library/Frameworks/ExceptionHandling.framework/Versions/A/ExceptionHandling
0x0000000006fec000 	/System/Library/PrivateFrameworks/CoreServicesInternal.framework/Versions/A/CoreServicesInternal
0x0000000006fec000 	/System/Library/Frameworks/CoreGraphics.framework/Versions/A/Resources/libRIP.A.dylib
0x0000000006fec000 	/System/Library/Frameworks/Accelerate.framework/Versions/A/Frameworks/vImage.framework/Versions/A/Libraries/libCGInterfaces.dylib
0x0000000006fec000 	/System/Library/Frameworks/CoreGraphics.framework/Versions/A/Resources/libCGXType.A.dylib
0x0000000006fec000 	/System/Library/Frameworks/OpenCL.framework/Versions/A/Libraries/libcldcpuengine.dylib
0x0000000006fec000 	/System/Library/PrivateFrameworks/DiskImages.framework/Versions/A/DiskImages
0x0000000006fec000 	/System/Library/Frameworks/DiscRecording.framework/Versions/A/DiscRecording
0x0000000006fec000 	/usr/lib/libcsfde.dylib
0x0000000006fec000 	/usr/lib/libcurl.4.dylib
0x0000000006fec000 	/System/Library/PrivateFrameworks/MediaKit.framework/Versions/A/MediaKit
0x0000000006fec000 	/System/Library/PrivateFrameworks/ProtectedCloudStorage.framework/Versions/A/ProtectedCloudStorage
0x0000000006fec000 	/usr/lib/libCoreStorage.dylib
0x0000000006fec000 	/System/Library/PrivateFrameworks/EFILogin.framework/Versions/A/EFILogin
0x0000000006fec000 	/usr/lib/libutil.dylib
0x0000000006fec000 	/System/Library/PrivateFrameworks/FindMyDevice.framework/Versions/A/FindMyDevice
0x0000000006fec000 	/System/Library/Frameworks/LDAP.framework/Versions/A/LDAP
0x0000000006fec000 	/usr/lib/libsasl2.2.dylib
0x0000000006fec000 	/System/Library/PrivateFrameworks/CoreDaemon.framework/Versions/B/CoreDaemon
0x0000000006fec000 	/usr/lib/libcrypto.0.9.8.dylib
0x0000000006fec000 	/System/Library/PrivateFrameworks/AppleSRP.framework/Versions/A/AppleSRP
0x0000000006fec000 	/System/Library/PrivateFrameworks/TrustEvaluationAgent.framework/Versions/A/TrustEvaluationAgent
0x000000011ac9d000 	cl_kernels
0x0000000006fec000 	/System/Library/Frameworks/OpenCL.framework/Versions/A/Libraries/ImageFormats/unorm8_bgra.dylib
0x0000000006fec000 	/System/Library/Frameworks/OpenCL.framework/Versions/A/Libraries/ImageFormats/unorm8_rgba.dylib
0x0000000006fec000 	/System/Library/PrivateFrameworks/FamilyControls.framework/Versions/A/FamilyControls
0x0000000006fec000 	/System/Library/PrivateFrameworks/CommerceKit.framework/Versions/A/Frameworks/CommerceCore.framework/Versions/A/CommerceCore
0x0000000006fec000 	/System/Library/PrivateFrameworks/SystemAdministration.framework/Versions/A/SystemAdministration
0x0000000006fec000 	/System/Library/PrivateFrameworks/AppContainer.framework/Versions/A/AppContainer
0x0000000006fec000 	/System/Library/PrivateFrameworks/SecCodeWrapper.framework/Versions/A/SecCodeWrapper
0x0000000006fec000 	/System/Library/Frameworks/DirectoryService.framework/Versions/A/DirectoryService
0x0000000006fec000 	/System/Library/PrivateFrameworks/LoginUIKit.framework/Versions/A/Frameworks/LoginUICore.framework/Versions/A/LoginUICore
0x0000000006fec000 	/usr/lib/libodfde.dylib
0x000000011c166000 	/Library/Java/JavaVirtualMachines/jdk1.8.0_45.jdk/Contents/Home/jre/lib/libfontmanager.dylib
0x000000011c1cd000 	/Users/s223852/Documents/workspace/LWJGL3DGame/lwjgl-2.9.3/native/macosx/liblwjgl.dylib
0x000000011a182000 	/Library/Java/JavaVirtualMachines/jdk1.8.0_45.jdk/Contents/Home/jre/lib/libjawt.dylib
0x0000000006fec000 	/System/Library/Frameworks/OpenGL.framework/Versions/A/Resources/GLEngine.bundle/GLEngine
0x0000000006fec000 	/System/Library/Frameworks/OpenGL.framework/Versions/A/Libraries/libGLProgrammability.dylib
0x000000011c24f000 	/System/Library/Extensions/AppleIntelBDWGraphicsGLDriver.bundle/Contents/MacOS/AppleIntelBDWGraphicsGLDriver
0x0000000006fec000 	/System/Library/PrivateFrameworks/GPUSupport.framework/Versions/A/Libraries/libGPUSupportMercury.dylib
0x0000000006fec000 	/System/Library/Frameworks/OpenGL.framework/Versions/A/Resources/GLRendererFloat.bundle/GLRendererFloat

VM Arguments:
jvm_args: -Djava.library.path=/Users/s223852/Documents/workspace/LWJGL3DGame/lwjgl-2.9.3/native/macosx -Dfile.encoding=UTF-8 
java_command: engineTester.MainGameLoop
java_class_path (initial): /Users/s223852/Documents/workspace/LWJGL3DGame/bin:/Users/s223852/Documents/workspace/LWJGL3DGame/slick-util.jar:/Users/s223852/Documents/workspace/LWJGL3DGame/lwjgl-2.9.3/jar/lwjgl.jar:/Users/s223852/Documents/workspace/LWJGL3DGame/lwjgl-2.9.3/jar/lwjgl_util.jar
Launcher Type: SUN_STANDARD

Environment Variables:
PATH=/usr/bin:/bin:/usr/sbin:/sbin
SHELL=/bin/bash

Signal Handlers:
SIGSEGV: [libjvm.dylib+0x58ef95], sa_mask[0]=11111111011111110111111111111111, sa_flags=SA_ONSTACK|SA_RESTART|SA_SIGINFO
SIGBUS: [libjvm.dylib+0x58ef95], sa_mask[0]=11111111011111110111111111111111, sa_flags=SA_RESTART|SA_SIGINFO
SIGFPE: [libjvm.dylib+0x46c108], sa_mask[0]=11111111011111110111111111111111, sa_flags=SA_RESTART|SA_SIGINFO
SIGPIPE: [libjvm.dylib+0x46c108], sa_mask[0]=11111111011111110111111111111111, sa_flags=SA_RESTART|SA_SIGINFO
SIGXFSZ: [libjvm.dylib+0x46c108], sa_mask[0]=11111111011111110111111111111111, sa_flags=SA_RESTART|SA_SIGINFO
SIGILL: [libjvm.dylib+0x46c108], sa_mask[0]=11111111011111110111111111111111, sa_flags=SA_RESTART|SA_SIGINFO
SIGUSR1: SIG_DFL, sa_mask[0]=00000000000000000000000000000000, sa_flags=none
SIGUSR2: [libjvm.dylib+0x46bc26], sa_mask[0]=00100000000000000000000000000000, sa_flags=SA_RESTART|SA_SIGINFO
SIGHUP: [libjvm.dylib+0x46a1f9], sa_mask[0]=11111111011111110111111111111111, sa_flags=SA_RESTART|SA_SIGINFO
SIGINT: [libjvm.dylib+0x46a1f9], sa_mask[0]=11111111011111110111111111111111, sa_flags=SA_RESTART|SA_SIGINFO
SIGTERM: [libjvm.dylib+0x46a1f9], sa_mask[0]=11111111011111110111111111111111, sa_flags=SA_RESTART|SA_SIGINFO
SIGQUIT: [libjvm.dylib+0x46a1f9], sa_mask[0]=11111111011111110111111111111111, sa_flags=SA_RESTART|SA_SIGINFO


---------------  S Y S T E M  ---------------

OS:Bsduname:Darwin 15.3.0 Darwin Kernel Version 15.3.0: Thu Dec 10 18:40:58 PST 2015; root:xnu-3248.30.4~1/RELEASE_X86_64 x86_64
rlimit: STACK 8192k, CORE 0k, NPROC 709, NOFILE 10240, AS infinity
load average:5.20 3.43 2.67

CPU:total 4 (2 cores per cpu, 2 threads per core) family 6 model 61 stepping 4, cmov, cx8, fxsr, mmx, sse, sse2, sse3, ssse3, sse4.1, sse4.2, popcnt, avx, avx2, aes, clmul, erms, 3dnowpref, lzcnt, ht, tsc, tscinvbit, bmi1, bmi2, adx

Memory: 4k page, physical 4194304k(20984k free)

/proc/meminfo:


vm_info: Java HotSpot(TM) 64-Bit Server VM (25.45-b02) for bsd-amd64 JRE (1.8.0_45-b14), built on Apr 10 2015 10:46:38 by "java_re" with gcc 4.2.1 (Based on Apple Inc. build 5658) (LLVM build 2336.11.00)

time: Tue Aug  9 10:26:53 2016
elapsed time: 5 seconds (0d 0h 0m 5s)

